<?xml version="1.0" encoding="UTF-8"?>
<!-- Generated by org.testng.reporters.JUnitReportReporter -->
<testsuite hostname="akshatha-HP" name="qa.com.freecrm.testcases.dealspagetest" tests="4" failures="0" timestamp="11 Oct 2018 18:28:25 GMT" time="226.282" errors="0">
  <testcase name="dealspagetest" time="48.831" classname="qa.com.freecrm.testcases.dealspagetest"/>
  <testcase name="dealspagetest" time="60.429" classname="qa.com.freecrm.testcases.dealspagetest"/>
  <testcase name="dealspagetest" time="57.335" classname="qa.com.freecrm.testcases.dealspagetest"/>
  <testcase name="dealspagetest" time="59.687" classname="qa.com.freecrm.testcases.dealspagetest"/>
</testsuite> <!-- qa.com.freecrm.testcases.dealspagetest -->
