<?xml version="1.0" encoding="UTF-8"?>
<!-- Generated by org.testng.reporters.JUnitReportReporter -->
<testsuite hostname="akshatha-HP" name="qa.com.freecrm.testcases.homepagetest" tests="3" failures="0" timestamp="9 Oct 2018 19:01:31 GMT" time="107.667" errors="0">
  <testcase name="verifycontactslinktest" time="35.863" classname="qa.com.freecrm.testcases.homepagetest"/>
  <testcase name="verifyhomepagetitletest" time="33.594" classname="qa.com.freecrm.testcases.homepagetest"/>
  <testcase name="verifyusernametest" time="38.210" classname="qa.com.freecrm.testcases.homepagetest"/>
</testsuite> <!-- qa.com.freecrm.testcases.homepagetest -->
