<?xml version="1.0" encoding="UTF-8"?>
<!-- Generated by org.testng.reporters.JUnitReportReporter -->
<testsuite hostname="akshatha-HP" name="qa.com.freecrm.testcases.run" tests="2" failures="0" timestamp="8 Oct 2018 07:43:31 GMT" time="41.535" errors="0">
  <testcase name="logintest" time="30.474" classname="qa.com.freecrm.testcases.run"/>
  <testcase name="validatelogintitletest" time="11.061" classname="qa.com.freecrm.testcases.run"/>
</testsuite> <!-- qa.com.freecrm.testcases.run -->
