<?xml version="1.0" encoding="UTF-8"?>
<!-- Generated by org.testng.reporters.JUnitReportReporter -->
<testsuite hostname="akshatha-HP" name="qa.com.freecrm.testcases.loginpagetest" tests="2" failures="0" timestamp="9 Oct 2018 19:01:31 GMT" time="47.971" errors="0">
  <testcase name="logintest" time="32.446" classname="qa.com.freecrm.testcases.loginpagetest"/>
  <testcase name="validatelogintitletest" time="15.525" classname="qa.com.freecrm.testcases.loginpagetest"/>
</testsuite> <!-- qa.com.freecrm.testcases.loginpagetest -->
